0 info it worked if it ends with ok
1 verbose cli [ '/usr/local/bin/node', '/usr/local/bin/npm', 'publish' ]
2 info using npm@3.3.6
3 info using node@v5.0.0
4 verbose publish [ '.' ]
5 silly cache add args [ '.', null ]
6 verbose cache add spec .
7 silly cache add parsed spec Result {
7 silly cache add   raw: '.',
7 silly cache add   scope: null,
7 silly cache add   name: null,
7 silly cache add   rawSpec: '.',
7 silly cache add   spec: '/Users/vcanales/dev/num2word',
7 silly cache add   type: 'directory' }
8 verbose addLocalDirectory /Users/vcanales/.npm/num2word/0.0.1/package.tgz not in flight; packing
9 info lifecycle num2word@0.0.1~prepublish: num2word@0.0.1
10 silly lifecycle num2word@0.0.1~prepublish: no script for prepublish, continuing
11 verbose tar pack [ '/Users/vcanales/.npm/num2word/0.0.1/package.tgz',
11 verbose tar pack   '/Users/vcanales/dev/num2word' ]
12 verbose tarball /Users/vcanales/.npm/num2word/0.0.1/package.tgz
13 verbose folder /Users/vcanales/dev/num2word
14 verbose addLocalTarball adding from inside cache /Users/vcanales/.npm/num2word/0.0.1/package.tgz
15 silly cache afterAdd num2word@0.0.1
16 verbose afterAdd /Users/vcanales/.npm/num2word/0.0.1/package/package.json not in flight; writing
17 verbose afterAdd /Users/vcanales/.npm/num2word/0.0.1/package/package.json written
18 silly publish { name: 'num2word',
18 silly publish   version: '0.0.1',
18 silly publish   description: 'Number to word representation',
18 silly publish   main: 'index.js',
18 silly publish   scripts: { test: 'mocha' },
18 silly publish   author: { name: 'Vicente Canales', email: 'me@devjunk.org' },
18 silly publish   license: 'MIT',
18 silly publish   gitHead: 'e058250404ff173cd0f5a0d2e3649563a3965278',
18 silly publish   readme: 'ERROR: No README data found!',
18 silly publish   _id: 'num2word@0.0.1',
18 silly publish   _shasum: 'bdd08107bf0f1c211df98ed987845025c6d828ac',
18 silly publish   _from: '.' }
19 verbose getPublishConfig undefined
20 silly mapToRegistry name num2word
21 silly mapToRegistry using default registry
22 silly mapToRegistry registry https://registry.npmjs.org/
23 silly mapToRegistry uri https://registry.npmjs.org/num2word
24 verbose publish registryBase https://registry.npmjs.org/
25 silly publish uploading /Users/vcanales/.npm/num2word/0.0.1/package.tgz
26 verbose request uri https://registry.npmjs.org/num2word
27 verbose request sending authorization for write operation
28 info attempt registry request try #1 at 11:48:31 AM
29 verbose request using bearer token for auth
30 verbose request id cc3e57716233b6a1
31 http request PUT https://registry.npmjs.org/num2word
32 http 403 https://registry.npmjs.org/num2word
33 verbose headers { 'content-type': 'application/json',
33 verbose headers   'cache-control': 'max-age=300',
33 verbose headers   'content-length': '102',
33 verbose headers   'accept-ranges': 'bytes',
33 verbose headers   date: 'Wed, 06 Apr 2016 14:48:31 GMT',
33 verbose headers   via: '1.1 varnish',
33 verbose headers   connection: 'keep-alive',
33 verbose headers   'x-served-by': 'cache-jfk1043-JFK',
33 verbose headers   'x-cache': 'MISS',
33 verbose headers   'x-cache-hits': '0',
33 verbose headers   'x-timer': 'S1459954111.015091,VS0,VE336' }
34 verbose request invalidating /Users/vcanales/.npm/registry.npmjs.org/num2word on PUT
35 error publish Failed PUT 403
36 verbose stack Error: you do not have permission to publish "num2word". Are you logged in as the correct user? : num2word
36 verbose stack     at makeError (/usr/local/lib/node_modules/npm/node_modules/npm-registry-client/lib/request.js:264:12)
36 verbose stack     at CachingRegistryClient.<anonymous> (/usr/local/lib/node_modules/npm/node_modules/npm-registry-client/lib/request.js:252:14)
36 verbose stack     at Request._callback (/usr/local/lib/node_modules/npm/node_modules/npm-registry-client/lib/request.js:172:14)
36 verbose stack     at Request.self.callback (/usr/local/lib/node_modules/npm/node_modules/request/request.js:198:22)
36 verbose stack     at emitTwo (events.js:87:13)
36 verbose stack     at Request.emit (events.js:172:7)
36 verbose stack     at Request.<anonymous> (/usr/local/lib/node_modules/npm/node_modules/request/request.js:1063:14)
36 verbose stack     at emitOne (events.js:82:20)
36 verbose stack     at Request.emit (events.js:169:7)
36 verbose stack     at IncomingMessage.<anonymous> (/usr/local/lib/node_modules/npm/node_modules/request/request.js:1009:12)
37 verbose statusCode 403
38 verbose pkgid num2word
39 verbose cwd /Users/vcanales/dev/num2word
40 error Darwin 15.0.0
41 error argv "/usr/local/bin/node" "/usr/local/bin/npm" "publish"
42 error node v5.0.0
43 error npm  v3.3.6
44 error code E403
45 error you do not have permission to publish "num2word". Are you logged in as the correct user? : num2word
46 error If you need help, you may report this error at:
46 error     <https://github.com/npm/npm/issues>
47 verbose exit [ 1, true ]
